a Assembler Version 1.7    Mon Apr 17 20:55:50 2017

  LOC   MACHINE      ASSEMBLY
hex*dec  CODE          CODE

               ; from S5j compiler written by ...
               ; Jackson Maddox
               ; Liangyu Tan
               ; Johirul Islam
                         public      x
0  *0    0000  x:        dw        0
                         public      z
1  *1    FFF6  z:        dw        -10
                         public      zero
2  *2    0000  zero:     dw        0
                         extern      e
               ; =============== start of function main
                         public      main
               main:
3  *3    F900            esba
4  *4    4FFF            asp       -1
5  *5    4FFF            asp       -1
6  *6    1000            pc        x
7  *7    F700            pwc       3
8  *8    0003
9  *9    F700            pwc       -2
A  *10   FFFE
B  *11   F100            add 
C  *12   F700            pwc       1
D  *13   0001
E  *14   F100            add 
F  *15   F300            stav
               ;x = + 3 + - 2 + 1 ; 
10 *16   3FFF            cora      -1
11 *17   0000            p         x
12 *18   F300            stav
               ;y = x ; 
13 *19   3FFE            cora      -2
14 *20   0000            p         x
15 *21   F700            pwc       2
16 *22   0002
17 *23   2FFF            pr        -1
18 *24   F100            add 
19 *25   FF40            mult
1A *26   F700            pwc       4099
1B *27   1003
1C *28   F100            add 
1D *29   F300            stav
               ;z = x * ( 2 + y ) + ( ( ( 4099 ) ) ) ; 
1E *30   2FFE            pr        -2
1F *31   0000            p         x
20 *32   F100            add 
21 *33   F700            pwc       -2
22 *34   FFFE
23 *35   F100            add 
24 *36   FFFD            dout
25 *37   100A            pc        '\n'
26 *38   FFFB            aout
               ;println ( z + x + - 2 ) ; 
27 *39   F700            pwc       4107
28 *40   100B
29 *41   FFFD            dout
2A *42   100A            pc        '\n'
2B *43   FFFB            aout
               ;println ( 4107 ) ; 
2C *44   11AD            pc        @L0
2D *45   FFF7            sout
2E *46   100A            pc        '\n'
2F *47   FFFB            aout
               ;println ( "S1 test done" ) ; 
30 *48   0000            p         x
31 *49   0002            p         zero
32 *50   F100            add 
33 *51   2FFE            pr        -2
34 *52   F100            add 
35 *53   F700            pwc       4107
36 *54   100B
37 *55   F200            sub 
38 *56   2FFE            pr        -2
39 *57   504A            call      f
3A *58   4002            asp       2
               ;f ( x + zero + z - 4107 , z ) ; 
3B *59   F700            pwc       10
3C *60   000A
3D *61   F700            pwc       20
3E *62   0014
3F *63   0000            p         e
40 *64   5000            call      g
41 *65   4003            asp       3
               ;g ( 10 , 20 , e ) ; 
42 *66   51A1            call      h
               ;h ( ) ; 
43 *67   11BA            pc        @L1
44 *68   FFF7            sout
45 *69   100A            pc        '\n'
46 *70   FFFB            aout
               ;println ( "S5 test done" ) ; 
47 *71   FA00            reba
48 *72   F000            ret 
               ; =============== end of function main
                         public      y
49 *73   0002  y:        dw        2
               ; =============== start of function f
                         public      f
               f:
4A *74   F900            esba
4B *75   4FFF            asp       -1
4C *76   11C7            pc        @L2
4D *77   FFF7            sout
               ;print ( "2 = " ) ; 
4E *78   0049            p         y
4F *79   FFFD            dout
50 *80   100A            pc        '\n'
51 *81   FFFB            aout
               ;println ( y ) ; 
52 *82   2002            pr        2
53 *83   2003            pr        3
54 *84   F700            pwc       50
55 *85   0032
56 *86   F200            sub 
57 *87   F200            sub 
58 *88   F700            pwc       2
59 *89   0002
5A *90   FF50            div 
5B *91   2003            pr        3
5C *92   F200            sub 
5D *93   FFFD            dout
5E *94   100A            pc        '\n'
5F *95   FFFB            aout
               ;println ( ( z - ( x - 50 ) ) / 2 - x ) ; 
60 *96   F700            pwc       2075
61 *97   081B
62 *98   FFFD            dout
63 *99   100A            pc        '\n'
64 *100  FFFB            aout
               ;println ( 2075 ) ; 
               ;; 
               ; {
               ; {
               ;; 
               ; {
65 *101  3003            cora      3
66 *102  F700            pwc       10
67 *103  000A
68 *104  F300            stav
               ;x = 10 ; 
               ;; 
69 *105  1049            pc        y
6A *106  F700            pwc       20
6B *107  0014
6C *108  F300            stav
               ;y = 20 ; 
               ; }
               ; }
               ;; 
               ; }
               ; {
               ; }
6D *109  2003            pr        3
6E *110  FFFD            dout
               ;print ( x ) ; 
6F *111  2003            pr        3
70 *112  FFFD            dout
71 *113  100A            pc        '\n'
72 *114  FFFB            aout
               ;println ( x ) ; 
73 *115  F700            pwc       1010
74 *116  03F2
75 *117  FFFD            dout
76 *118  100A            pc        '\n'
77 *119  FFFB            aout
               ;println ( 1010 ) ; 
78 *120  0049            p         y
79 *121  FFFD            dout
7A *122  100A            pc        '\n'
7B *123  FFFB            aout
               ;println ( y ) ; 
7C *124  F700            pwc       20
7D *125  0014
7E *126  FFFD            dout
7F *127  100A            pc        '\n'
80 *128  FFFB            aout
               ;println ( 20 ) ; 
81 *129  3003            cora      3
82 *130  F700            pwc       1
83 *131  0001
84 *132  F700            pwc       2
85 *133  0002
86 *134  F700            pwc       3
87 *135  0003
88 *136  F700            pwc       4
89 *137  0004
8A *138  F100            add 
8B *139  F100            add 
8C *140  F100            add 
8D *141  F300            stav
               ;x = 1 + ( 2 + ( 3 + 4 ) ) ; 
8E *142  2003            pr        3
8F *143  FFFD            dout
90 *144  100A            pc        '\n'
91 *145  FFFB            aout
               ;println ( x ) ; 
92 *146  F700            pwc       10
93 *147  000A
94 *148  FFFD            dout
95 *149  100A            pc        '\n'
96 *150  FFFB            aout
               ;println ( 10 ) ; 
97 *151  3003            cora      3
98 *152  F700            pwc       1
99 *153  0001
9A *154  F700            pwc       2
9B *155  0002
9C *156  F100            add 
9D *157  F700            pwc       3
9E *158  0003
9F *159  F100            add 
A0 *160  F700            pwc       4
A1 *161  0004
A2 *162  F100            add 
A3 *163  F700            pwc       5
A4 *164  0005
A5 *165  F100            add 
A6 *166  F300            stav
               ;x = 1 + 2 + 3 + 4 + 5 ; 
A7 *167  2003            pr        3
A8 *168  FFFD            dout
A9 *169  100A            pc        '\n'
AA *170  FFFB            aout
               ;println ( x ) ; 
AB *171  F700            pwc       15
AC *172  000F
AD *173  FFFD            dout
AE *174  100A            pc        '\n'
AF *175  FFFB            aout
               ;println ( 15 ) ; 
B0 *176  11CC            pc        @L3
B1 *177  FFF7            sout
B2 *178  100A            pc        '\n'
B3 *179  FFFB            aout
               ;println ( "S2 test done" ) ; 
B4 *180  11D9            pc        @L4
B5 *181  FFF7            sout
B6 *182  100A            pc        '\n'
B7 *183  FFFB            aout
               ;println ( "four lines follow" ) ; 
B8 *184  11EB            pc        @L5
B9 *185  FFF7            sout
               ;print ( "one line" ) ; 
BA *186  100A            pc        '\n'
BB *187  FFFB            aout
               ;println ( ) ; 
BC *188  11F4            pc        @L6
BD *189  FFF7            sout
BE *190  100A            pc        '\n'
BF *191  FFFB            aout
               ;println ( "one line" ) ; 
C0 *192  11FD            pc        @L7
C1 *193  FFF7            sout
C2 *194  100A            pc        '\n'
C3 *195  FFFB            aout
               ;println ( "third line\nfourth line" ) ; 
C4 *196  3003            cora      3
C5 *197  1049            pc        y
C6 *198  3002            cora      2
C7 *199  F700            pwc       7
C8 *200  0007
C9 *201  F800            dupe
CA *202  FFE0            rot 
CB *203  F300            stav
CC *204  F800            dupe
CD *205  FFE0            rot 
CE *206  F300            stav
CF *207  F300            stav
               ;x = y = z = + - - - - - + - 7 ; 
D0 *208  2003            pr        3
D1 *209  FFFD            dout
               ;print ( x ) ; 
D2 *210  1214            pc        @L8
D3 *211  FFF7            sout
               ;print ( " = " ) ; 
D4 *212  0049            p         y
D5 *213  FFFD            dout
               ;print ( y ) ; 
D6 *214  1218            pc        @L9
D7 *215  FFF7            sout
               ;print ( " = " ) ; 
D8 *216  2002            pr        2
D9 *217  FFFD            dout
               ;print ( z ) ; 
DA *218  121C            pc        @L10
DB *219  FFF7            sout
               ;print ( " = " ) ; 
DC *220  F700            pwc       7
DD *221  0007
DE *222  FFFD            dout
DF *223  100A            pc        '\n'
E0 *224  FFFB            aout
               ;println ( 7 ) ; 
E1 *225  3002            cora      2
E2 *226  2003            pr        3
E3 *227  0049            p         y
E4 *228  FF30            neg 
E5 *229  F200            sub 
E6 *230  FF30            neg 
E7 *231  F300            stav
               ;z = - ( + x - + + - + + - + + + + - + + - + + - y ) ; 
E8 *232  1220            pc        @L11
E9 *233  FFF7            sout
               ;print ( "-14 = " ) ; 
EA *234  2002            pr        2
EB *235  FFFD            dout
               ;print ( z ) ; 
EC *236  1227            pc        @L12
ED *237  FFF7            sout
               ;print ( " = " ) ; 
EE *238  F700            pwc       14
EF *239  000E
F0 *240  FF30            neg 
F1 *241  FF30            neg 
F2 *242  FF30            neg 
F3 *243  FFFD            dout
F4 *244  100A            pc        '\n'
F5 *245  FFFB            aout
               ;println ( - ( - ( + ( - ( 14 ) ) ) ) ) ; 
F6 *246  122B            pc        @L13
F7 *247  FFF7            sout
F8 *248  100A            pc        '\n'
F9 *249  FFFB            aout
               ;println ( "////Enter integer////" ) ; 
FA *250  3FFF            cora      -1
FB *251  FFFC            din 
FC *252  F300            stav
               ;readint ( q ) ; 
FD *253  1241            pc        @L14
FE *254  FFF7            sout
               ;print ( "= " ) ; 
FF *255  2FFF            pr        -1
100*256  F700            pwc       1
101*257  0001
102*258  F100            add 
103*259  F700            pwc       1
104*260  0001
105*261  F200            sub 
106*262  FFFD            dout
107*263  100A            pc        '\n'
108*264  FFFB            aout
               ;println ( q + + + + 1 - 1 ) ; 
109*265  1244            pc        @L15
10A*266  FFF7            sout
10B*267  100A            pc        '\n'
10C*268  FFFB            aout
               ;println ( "S3 test done" ) ; 
10D*269  3003            cora      3
10E*270  F700            pwc       1
10F*271  0001
110*272  F300            stav
               ;x = 1 ; 
111*273  1251            pc        @L16
112*274  FFF7            sout
113*275  100A            pc        '\n'
114*276  FFFB            aout
               ;println ( "2 1 on separate lines" ) ; 
               @L17:
115*277  2003            pr        3
116*278  A12F            jz        @L18
               ; {
117*279  1049            pc        y
118*280  F700            pwc       2
119*281  0002
11A*282  F300            stav
               ;y = 2 ; 
               @L19:
11B*283  0049            p         y
11C*284  A128            jz        @L20
               ; {
11D*285  0049            p         y
11E*286  FFFD            dout
11F*287  100A            pc        '\n'
120*288  FFFB            aout
               ;println ( y ) ; 
121*289  1049            pc        y
122*290  0049            p         y
123*291  F700            pwc       1
124*292  0001
125*293  F200            sub 
126*294  F300            stav
               ;y = y - 1 ; 
               ; }
127*295  611B            ja        @L19
               @L20:
               ;while ( y ) { println ( y ) ; y = y - 1 ; } 
128*296  3003            cora      3
129*297  2003            pr        3
12A*298  F700            pwc       1
12B*299  0001
12C*300  F200            sub 
12D*301  F300            stav
               ;x = x - 1 ; 
               ; }
12E*302  6115            ja        @L17
               @L18:
               ;while ( x ) { y = 2 ; while ( y ) { println ( y ) ; y = y - 1 ;
12F*303  1002            pc        zero
130*304  F700            pwc       0
131*305  0000
132*306  F300            stav
               ;zero = 0 ; 
               @L21:
133*307  0002            p         zero
134*308  A13A            jz        @L22
135*309  1267            pc        @L23
136*310  FFF7            sout
137*311  100A            pc        '\n'
138*312  FFFB            aout
               ;println ( "bug" ) ; 
139*313  6133            ja        @L21
               @L22:
               ;while ( zero ) println ( "bug" ) ; 
13A*314  3003            cora      3
13B*315  F700            pwc       0
13C*316  0000
13D*317  F700            pwc       3
13E*318  0003
13F*319  F200            sub 
140*320  F300            stav
               ;x = 0 - 3 ; 
141*321  126B            pc        @L24
142*322  FFF7            sout
               ;print ( "hello -3 up to hello -1\n" ) ; 
               @L25:
143*323  2003            pr        3
144*324  A159            jz        @L26
               ; {
145*325  2003            pr        3
146*326  A14A            jz        @L27
147*327  1284            pc        @L28
148*328  FFF7            sout
               ;print ( "hello " ) ; 
149*329  614E            ja        @L29
               @L27:
14A*330  128B            pc        @L30
14B*331  FFF7            sout
14C*332  100A            pc        '\n'
14D*333  FFFB            aout
               ;println ( "bug1" ) ; 
               @L29:
               ;if ( x ) print ( "hello " ) ; else println ( "bug1" ) ; 
14E*334  2003            pr        3
14F*335  FFFD            dout
150*336  100A            pc        '\n'
151*337  FFFB            aout
               ;println ( x ) ; 
152*338  3003            cora      3
153*339  2003            pr        3
154*340  F700            pwc       1
155*341  0001
156*342  F100            add 
157*343  F300            stav
               ;x = x + 1 ; 
               ; }
158*344  6143            ja        @L25
               @L26:
               ;while ( x ) { if ( x ) print ( "hello " ) ; else println ( "bug
159*345  3003            cora      3
15A*346  F700            pwc       2
15B*347  0002
15C*348  F300            stav
               ;x = 2 ; 
15D*349  1290            pc        @L31
15E*350  FFF7            sout
               ;print ( "bye 2 down to bye 1\n" ) ; 
               @L32:
               ; {
15F*351  12A5            pc        @L33
160*352  FFF7            sout
               ;print ( "bye " ) ; 
161*353  2003            pr        3
162*354  FFFD            dout
163*355  100A            pc        '\n'
164*356  FFFB            aout
               ;println ( x ) ; 
165*357  3003            cora      3
166*358  2003            pr        3
167*359  F700            pwc       1
168*360  0001
169*361  F200            sub 
16A*362  F300            stav
               ;x = x - 1 ; 
               ; }
16B*363  2003            pr        3
16C*364  B15F            jnz       @L32
               ;do { print ( "bye " ) ; println ( x ) ; x = x - 1 ; } while ( x
16D*365  3003            cora      3
16E*366  F700            pwc       1
16F*367  0001
170*368  F300            stav
               ;x = 1 ; 
171*369  12AA            pc        @L34
172*370  FFF7            sout
173*371  100A            pc        '\n'
174*372  FFFB            aout
               ;println ( "Next line should say \"hello\" with the quotes" ) ; 
175*373  2003            pr        3
176*374  A186            jz        @L35
177*375  2003            pr        3
178*376  A186            jz        @L36
179*377  2003            pr        3
17A*378  A182            jz        @L37
               ; {
17B*379  12D7            pc        @L38
17C*380  FFF7            sout
               ;print ( "\"hel" ) ; 
17D*381  12DC            pc        @L39
17E*382  FFF7            sout
17F*383  100A            pc        '\n'
180*384  FFFB            aout
               ;println ( "lo\"" ) ; 
               ; }
181*385  6186            ja        @L40
               @L37:
               ; {
182*386  12E0            pc        @L41
183*387  FFF7            sout
184*388  100A            pc        '\n'
185*389  FFFB            aout
               ;println ( "bug3" ) ; 
               ; }
               @L40:
               ;if ( x ) { print ( "\"hel" ) ; println ( "lo\"" ) ; } else { pr
               @L36:
               ;if ( x ) if ( x ) { print ( "\"hel" ) ; println ( "lo\"" ) ; } 
               @L35:
               ;if ( x ) if ( x ) if ( x ) { print ( "\"hel" ) ; println ( "lo\
186*390  12E5            pc        @L42
187*391  FFF7            sout
               ;print ( "good = " ) ; 
188*392  0002            p         zero
189*393  A18F            jz        @L43
               ; {
18A*394  12ED            pc        @L44
18B*395  FFF7            sout
18C*396  100A            pc        '\n'
18D*397  FFFB            aout
               ;println ( "bug4" ) ; 
               ; }
18E*398  6193            ja        @L45
               @L43:
18F*399  12F2            pc        @L46
190*400  FFF7            sout
191*401  100A            pc        '\n'
192*402  FFFB            aout
               ;println ( "good" ) ; 
               @L45:
               ;if ( zero ) { println ( "bug4" ) ; } else println ( "good" ) ; 
193*403  12F7            pc        @L47
194*404  FFF7            sout
195*405  100A            pc        '\n'
196*406  FFFB            aout
               ;println ( "Next line should say \"bye\" without the quotes\nbye
197*407  1329            pc        @L48
198*408  FFF7            sout
199*409  100A            pc        '\n'
19A*410  FFFB            aout
               ;println ( "\"3 backslashes and a double quote \\\\\\\" within a
19B*411  1361            pc        @L49
19C*412  FFF7            sout
19D*413  100A            pc        '\n'
19E*414  FFFB            aout
               ;println ( "S4 test done" ) ; 
19F*415  FA00            reba
1A0*416  F000            ret 
               ; =============== end of function f
               ; =============== start of function h
                         public      h
               h:
1A1*417  F900            esba
1A2*418  136E            pc        @L50
1A3*419  FFF7            sout
               ;print ( "-8 = " ) ; 
1A4*420  0000            p         x
1A5*421  0001            p         z
1A6*422  F100            add 
1A7*423  FFFD            dout
1A8*424  100A            pc        '\n'
1A9*425  FFFB            aout
               ;println ( x + z ) ; 
1AA*426  FA00            reba
1AB*427  F000            ret 
               ; =============== end of function h
               
1AC*428  FFFF            halt
                         extern      g
               ;====================== ^-lines follow ======
1AD*429  0053  @L0:      dw        "S1 test done"
1AE*430  0031
1AF*431  0020
1B0*432  0074
1B1*433  0065
1B2*434  0073
1B3*435  0074
1B4*436  0020
1B5*437  0064
1B6*438  006F
1B7*439  006E
1B8*440  0065
1B9*441  0000
1BA*442  0053  @L1:      dw        "S5 test done"
1BB*443  0035
1BC*444  0020
1BD*445  0074
1BE*446  0065
1BF*447  0073
1C0*448  0074
1C1*449  0020
1C2*450  0064
1C3*451  006F
1C4*452  006E
1C5*453  0065
1C6*454  0000
1C7*455  0032  @L2:      dw        "2 = "
1C8*456  0020
1C9*457  003D
1CA*458  0020
1CB*459  0000
1CC*460  0053  @L3:      dw        "S2 test done"
1CD*461  0032
1CE*462  0020
1CF*463  0074
1D0*464  0065
1D1*465  0073
1D2*466  0074
1D3*467  0020
1D4*468  0064
1D5*469  006F
1D6*470  006E
1D7*471  0065
1D8*472  0000
1D9*473  0066  @L4:      dw        "four lines follow"
1DA*474  006F
1DB*475  0075
1DC*476  0072
1DD*477  0020
1DE*478  006C
1DF*479  0069
1E0*480  006E
1E1*481  0065
1E2*482  0073
1E3*483  0020
1E4*484  0066
1E5*485  006F
1E6*486  006C
1E7*487  006C
1E8*488  006F
1E9*489  0077
1EA*490  0000
1EB*491  006F  @L5:      dw        "one line"
1EC*492  006E
1ED*493  0065
1EE*494  0020
1EF*495  006C
1F0*496  0069
1F1*497  006E
1F2*498  0065
1F3*499  0000
1F4*500  006F  @L6:      dw        "one line"
1F5*501  006E
1F6*502  0065
1F7*503  0020
1F8*504  006C
1F9*505  0069
1FA*506  006E
1FB*507  0065
1FC*508  0000
1FD*509  0074  @L7:      dw        "third line\nfourth line"
1FE*510  0068
1FF*511  0069
200*512  0072
201*513  0064
202*514  0020
203*515  006C
204*516  0069
205*517  006E
206*518  0065
207*519  000A
208*520  0066
209*521  006F
20A*522  0075
20B*523  0072
20C*524  0074
20D*525  0068
20E*526  0020
20F*527  006C
210*528  0069
211*529  006E
212*530  0065
213*531  0000
214*532  0020  @L8:      dw        " = "
215*533  003D
216*534  0020
217*535  0000
218*536  0020  @L9:      dw        " = "
219*537  003D
21A*538  0020
21B*539  0000
21C*540  0020  @L10:     dw        " = "
21D*541  003D
21E*542  0020
21F*543  0000
220*544  002D  @L11:     dw        "-14 = "
221*545  0031
222*546  0034
223*547  0020
224*548  003D
225*549  0020
226*550  0000
227*551  0020  @L12:     dw        " = "
228*552  003D
229*553  0020
22A*554  0000
22B*555  002F  @L13:     dw        "////Enter integer////"
22C*556  002F
22D*557  002F
22E*558  002F
22F*559  0045
230*560  006E
231*561  0074
232*562  0065
233*563  0072
234*564  0020
235*565  0069
236*566  006E
237*567  0074
238*568  0065
239*569  0067
23A*570  0065
23B*571  0072
23C*572  002F
23D*573  002F
23E*574  002F
23F*575  002F
240*576  0000
241*577  003D  @L14:     dw        "= "
242*578  0020
243*579  0000
244*580  0053  @L15:     dw        "S3 test done"
245*581  0033
246*582  0020
247*583  0074
248*584  0065
249*585  0073
24A*586  0074
24B*587  0020
24C*588  0064
24D*589  006F
24E*590  006E
24F*591  0065
250*592  0000
251*593  0032  @L16:     dw        "2 1 on separate lines"
252*594  0020
253*595  0031
254*596  0020
255*597  006F
256*598  006E
257*599  0020
258*600  0073
259*601  0065
25A*602  0070
25B*603  0061
25C*604  0072
25D*605  0061
25E*606  0074
25F*607  0065
260*608  0020
261*609  006C
262*610  0069
263*611  006E
264*612  0065
265*613  0073
266*614  0000
267*615  0062  @L23:     dw        "bug"
268*616  0075
269*617  0067
26A*618  0000
26B*619  0068  @L24:     dw        "hello -3 up to hello -1\n"
26C*620  0065
26D*621  006C
26E*622  006C
26F*623  006F
270*624  0020
271*625  002D
272*626  0033
273*627  0020
274*628  0075
275*629  0070
276*630  0020
277*631  0074
278*632  006F
279*633  0020
27A*634  0068
27B*635  0065
27C*636  006C
27D*637  006C
27E*638  006F
27F*639  0020
280*640  002D
281*641  0031
282*642  000A
283*643  0000
284*644  0068  @L28:     dw        "hello "
285*645  0065
286*646  006C
287*647  006C
288*648  006F
289*649  0020
28A*650  0000
28B*651  0062  @L30:     dw        "bug1"
28C*652  0075
28D*653  0067
28E*654  0031
28F*655  0000
290*656  0062  @L31:     dw        "bye 2 down to bye 1\n"
291*657  0079
292*658  0065
293*659  0020
294*660  0032
295*661  0020
296*662  0064
297*663  006F
298*664  0077
299*665  006E
29A*666  0020
29B*667  0074
29C*668  006F
29D*669  0020
29E*670  0062
29F*671  0079
2A0*672  0065
2A1*673  0020
2A2*674  0031
2A3*675  000A
2A4*676  0000
2A5*677  0062  @L33:     dw        "bye "
2A6*678  0079
2A7*679  0065
2A8*680  0020
2A9*681  0000
2AA*682  004E  @L34:     dw        "Next line should say \"hello\" with the quo
2AB*683  0065
2AC*684  0078
2AD*685  0074
2AE*686  0020
2AF*687  006C
2B0*688  0069
2B1*689  006E
2B2*690  0065
2B3*691  0020
2B4*692  0073
2B5*693  0068
2B6*694  006F
2B7*695  0075
2B8*696  006C
2B9*697  0064
2BA*698  0020
2BB*699  0073
2BC*700  0061
2BD*701  0079
2BE*702  0020
2BF*703  0022
2C0*704  0068
2C1*705  0065
2C2*706  006C
2C3*707  006C
2C4*708  006F
2C5*709  0022
2C6*710  0020
2C7*711  0077
2C8*712  0069
2C9*713  0074
2CA*714  0068
2CB*715  0020
2CC*716  0074
2CD*717  0068
2CE*718  0065
2CF*719  0020
2D0*720  0071
2D1*721  0075
2D2*722  006F
2D3*723  0074
2D4*724  0065
2D5*725  0073
2D6*726  0000
2D7*727  0022  @L38:     dw        "\"hel"
2D8*728  0068
2D9*729  0065
2DA*730  006C
2DB*731  0000
2DC*732  006C  @L39:     dw        "lo\""
2DD*733  006F
2DE*734  0022
2DF*735  0000
2E0*736  0062  @L41:     dw        "bug3"
2E1*737  0075
2E2*738  0067
2E3*739  0033
2E4*740  0000
2E5*741  0067  @L42:     dw        "good = "
2E6*742  006F
2E7*743  006F
2E8*744  0064
2E9*745  0020
2EA*746  003D
2EB*747  0020
2EC*748  0000
2ED*749  0062  @L44:     dw        "bug4"
2EE*750  0075
2EF*751  0067
2F0*752  0034
2F1*753  0000
2F2*754  0067  @L46:     dw        "good"
2F3*755  006F
2F4*756  006F
2F5*757  0064
2F6*758  0000
2F7*759  004E  @L47:     dw        "Next line should say \"bye\" without the qu
2F8*760  0065
2F9*761  0078
2FA*762  0074
2FB*763  0020
2FC*764  006C
2FD*765  0069
2FE*766  006E
2FF*767  0065
300*768  0020
301*769  0073
302*770  0068
303*771  006F
304*772  0075
305*773  006C
306*774  0064
307*775  0020
308*776  0073
309*777  0061
30A*778  0079
30B*779  0020
30C*780  0022
30D*781  0062
30E*782  0079
30F*783  0065
310*784  0022
311*785  0020
312*786  0077
313*787  0069
314*788  0074
315*789  0068
316*790  006F
317*791  0075
318*792  0074
319*793  0020
31A*794  0074
31B*795  0068
31C*796  0065
31D*797  0020
31E*798  0071
31F*799  0075
320*800  006F
321*801  0074
322*802  0065
323*803  0073
324*804  000A
325*805  0062
326*806  0079
327*807  0065
328*808  0000
329*809  0022  @L48:     dw        "\"3 backslashes and a double quote \\\\\\\"
32A*810  0033
32B*811  0020
32C*812  0062
32D*813  0061
32E*814  0063
32F*815  006B
330*816  0073
331*817  006C
332*818  0061
333*819  0073
334*820  0068
335*821  0065
336*822  0073
337*823  0020
338*824  0061
339*825  006E
33A*826  0064
33B*827  0020
33C*828  0061
33D*829  0020
33E*830  0064
33F*831  006F
340*832  0075
341*833  0062
342*834  006C
343*835  0065
344*836  0020
345*837  0071
346*838  0075
347*839  006F
348*840  0074
349*841  0065
34A*842  0020
34B*843  005C
34C*844  005C
34D*845  005C
34E*846  0022
34F*847  0020
350*848  0077
351*849  0069
352*850  0074
353*851  0068
354*852  0069
355*853  006E
356*854  0020
357*855  0061
358*856  0020
359*857  0073
35A*858  0074
35B*859  0072
35C*860  0069
35D*861  006E
35E*862  0067
35F*863  0022
360*864  0000
361*865  0053  @L49:     dw        "S4 test done"
362*866  0034
363*867  0020
364*868  0074
365*869  0065
366*870  0073
367*871  0074
368*872  0020
369*873  0064
36A*874  006F
36B*875  006E
36C*876  0065
36D*877  0000
36E*878  002D  @L50:     dw        "-8 = "
36F*879  0038
370*880  0020
371*881  003D
372*882  0020
373*883  0000
374*884  ========= end of S5a.a ============================

asm in  = S5a.a
asm out = S5a.o
asm lst = S5a.lst 
