a Assembler Version 1.7    Mon Apr 17 20:55:50 2017

  LOC   MACHINE      ASSEMBLY
hex*dec  CODE          CODE

               ; from S5j compiler written by ...
               ; Jackson Maddox
               ; Liangyu Tan
               ; Johirul Islam
                         public      e
0  *0    001E  e:        dw        30
               ; =============== start of function g
                         public      g
               g:
1  *1    F900            esba
2  *2    F700            pwc       40
3  *3    0028
4  *4    F700            pwc       50
5  *5    0032
6  *6    F700            pwc       -60
7  *7    FFC4
8  *8    101B            pc        @L0
9  *9    FFF7            sout
               ;print ( "90 = " ) ; 
A  *10   2004            pr        4
B  *11   2003            pr        3
C  *12   F100            add 
D  *13   2002            pr        2
E  *14   F100            add 
F  *15   2FFF            pr        -1
10 *16   F100            add 
11 *17   2FFE            pr        -2
12 *18   F100            add 
13 *19   2FFD            pr        -3
14 *20   F100            add 
15 *21   FFFD            dout
16 *22   100A            pc        '\n'
17 *23   FFFB            aout
               ;println ( a + b + c + x + y + z ) ; 
18 *24   FA00            reba
19 *25   F000            ret 
               ; =============== end of function g
               
1A *26   FFFF            halt
               ;====================== ^-lines follow ======
1B *27   0039  @L0:      dw        "90 = "
1C *28   0030
1D *29   0020
1E *30   003D
1F *31   0020
20 *32   0000
21 *33   ========= end of S5b.a ============================

asm in  = S5b.a
asm out = S5b.o
asm lst = S5b.lst 
