a Assembler Version 1.7    Thu Mar 30 22:34:02 2017

  LOC   MACHINE      ASSEMBLY
hex*dec  CODE          CODE

               ; from S4 compiler written by ...
               ; Jackson Maddox
               ; Liangyu Tan
               ; Johirul Islam
               ;    x = +3 + -2 + 1;
0  *0    1178            pc        x
1  *1    F700            pwc       3
2  *2    0003
3  *3    F700            pwc       -2
4  *4    FFFE
5  *5    F100            add 
6  *6    F700            pwc       1
7  *7    0001
8  *8    F100            add 
               ;    y = x;
9  *9    F300            stav
A  *10   1179            pc        y
B  *11   0178            p         x
               ;    z = x*(2 + y) + (((4099)));
C  *12   F300            stav
D  *13   117A            pc        z
E  *14   0178            p         x
F  *15   F700            pwc       2
10 *16   0002
11 *17   0179            p         y
12 *18   F100            add 
13 *19   FF40            mult
14 *20   F700            pwc       4099
15 *21   1003
16 *22   F100            add 
               ;    println(z + x + -2);
17 *23   F300            stav
18 *24   017A            p         z
19 *25   0178            p         x
1A *26   F100            add 
1B *27   F700            pwc       -2
1C *28   FFFE
1D *29   F100            add 
1E *30   FFFD            dout
1F *31   100A            pc        '\n'
20 *32   FFFB            aout
               ;    println(4107);
21 *33   F700            pwc       4107
22 *34   100B
23 *35   FFFD            dout
24 *36   100A            pc        '\n'
25 *37   FFFB            aout
               ;    println("S1 test done");
26 *38   117D            pc        @L0
27 *39   FFF7            sout
28 *40   100A            pc        '\n'
29 *41   FFFB            aout
               ; //==========================================================
               ; // Add support for subtraction, division, null statement, 
               ; // compound statement, print statement, and single-line
               ; // comments.
               ;    println((z - (x - 50)   // comment in middle of statement
2A *42   017A            p         z
2B *43   0178            p         x
2C *44   F700            pwc       50
2D *45   0032
2E *46   F200            sub 
               ;         ) / 2 - x);
2F *47   F200            sub 
30 *48   F700            pwc       2
31 *49   0002
32 *50   FF50            div 
33 *51   0178            p         x
34 *52   F200            sub 
35 *53   FFFD            dout
36 *54   100A            pc        '\n'
37 *55   FFFB            aout
               ;    println(2075);
38 *56   F700            pwc       2075
39 *57   081B
3A *58   FFFD            dout
3B *59   100A            pc        '\n'
3C *60   FFFB            aout
               ;    ;                       // null statement 
               ;    {{;                     // compound statement
               ;       {
               ;       x = 10;  
3D *61   1178            pc        x
3E *62   F700            pwc       10
3F *63   000A
               ;       ;
40 *64   F300            stav
               ;       y = 20;
41 *65   1179            pc        y
42 *66   F700            pwc       20
43 *67   0014
               ;    }};}
44 *68   F300            stav
               ;    {}
               ;    print(x);
45 *69   0178            p         x
46 *70   FFFD            dout
               ;    println(x);
47 *71   0178            p         x
48 *72   FFFD            dout
49 *73   100A            pc        '\n'
4A *74   FFFB            aout
               ;    println(1010);
4B *75   F700            pwc       1010
4C *76   03F2
4D *77   FFFD            dout
4E *78   100A            pc        '\n'
4F *79   FFFB            aout
               ;    println(y);
50 *80   0179            p         y
51 *81   FFFD            dout
52 *82   100A            pc        '\n'
53 *83   FFFB            aout
               ;    println(20);
54 *84   F700            pwc       20
55 *85   0014
56 *86   FFFD            dout
57 *87   100A            pc        '\n'
58 *88   FFFB            aout
               ;    x = 1 + (2 + (3+ 4));
59 *89   1178            pc        x
5A *90   F700            pwc       1
5B *91   0001
5C *92   F700            pwc       2
5D *93   0002
5E *94   F700            pwc       3
5F *95   0003
60 *96   F700            pwc       4
61 *97   0004
62 *98   F100            add 
63 *99   F100            add 
64 *100  F100            add 
               ;    println(x);
65 *101  F300            stav
66 *102  0178            p         x
67 *103  FFFD            dout
68 *104  100A            pc        '\n'
69 *105  FFFB            aout
               ;    println(10);
6A *106  F700            pwc       10
6B *107  000A
6C *108  FFFD            dout
6D *109  100A            pc        '\n'
6E *110  FFFB            aout
               ;    x = 1 + 2 + 3 + 4 + 5;
6F *111  1178            pc        x
70 *112  F700            pwc       1
71 *113  0001
72 *114  F700            pwc       2
73 *115  0002
74 *116  F100            add 
75 *117  F700            pwc       3
76 *118  0003
77 *119  F100            add 
78 *120  F700            pwc       4
79 *121  0004
7A *122  F100            add 
7B *123  F700            pwc       5
7C *124  0005
7D *125  F100            add 
               ;    println(x);
7E *126  F300            stav
7F *127  0178            p         x
80 *128  FFFD            dout
81 *129  100A            pc        '\n'
82 *130  FFFB            aout
               ;    println(15);
83 *131  F700            pwc       15
84 *132  000F
85 *133  FFFD            dout
86 *134  100A            pc        '\n'
87 *135  FFFB            aout
               ;    println("S2 test done");
88 *136  118A            pc        @L1
89 *137  FFF7            sout
8A *138  100A            pc        '\n'
8B *139  FFFB            aout
               ; //==========================================================
               ; // Add support, println with zero arguments, println and 
               ; // print with string argument,  cascaded assignment 
               ; // statement, unary plus and minus, and readint statement.
               ;    println("four lines follow");
8C *140  1197            pc        @L2
8D *141  FFF7            sout
8E *142  100A            pc        '\n'
8F *143  FFFB            aout
               ;    print("one line");
90 *144  11A9            pc        @L3
91 *145  FFF7            sout
               ;    println();
92 *146  100A            pc        '\n'
93 *147  FFFB            aout
               ;    println("one line");
94 *148  11B2            pc        @L4
95 *149  FFF7            sout
96 *150  100A            pc        '\n'
97 *151  FFFB            aout
               ;    println("third line\nfourth line");
98 *152  11BB            pc        @L5
99 *153  FFF7            sout
9A *154  100A            pc        '\n'
9B *155  FFFB            aout
               ;    x = y = z = + - - - - - + -7;
9C *156  1178            pc        x
9D *157  1179            pc        y
9E *158  117A            pc        z
9F *159  F700            pwc       7
A0 *160  0007
               ;    print(x);
A1 *161  F800            dupe
A2 *162  FFE0            rot 
A3 *163  F300            stav
A4 *164  F800            dupe
A5 *165  FFE0            rot 
A6 *166  F300            stav
A7 *167  F300            stav
A8 *168  0178            p         x
A9 *169  FFFD            dout
               ;    print(" = ");
AA *170  11D2            pc        @L6
AB *171  FFF7            sout
               ;    print(y);
AC *172  0179            p         y
AD *173  FFFD            dout
               ;    print(" = ");
AE *174  11D6            pc        @L7
AF *175  FFF7            sout
               ;    print(z);
B0 *176  017A            p         z
B1 *177  FFFD            dout
               ;    print(" = ");
B2 *178  11DA            pc        @L8
B3 *179  FFF7            sout
               ;    println(7);
B4 *180  F700            pwc       7
B5 *181  0007
B6 *182  FFFD            dout
B7 *183  100A            pc        '\n'
B8 *184  FFFB            aout
               ;    z = -(+x - + + - + + - + + + + - + + - + + -y);
B9 *185  117A            pc        z
BA *186  0178            p         x
BB *187  0179            p         y
BC *188  FF30            neg 
BD *189  F200            sub 
BE *190  FF30            neg 
               ;    print ("-14 = ");
BF *191  F300            stav
C0 *192  11DE            pc        @L9
C1 *193  FFF7            sout
               ;    print(z);
C2 *194  017A            p         z
C3 *195  FFFD            dout
               ;    print(" = ");
C4 *196  11E5            pc        @L10
C5 *197  FFF7            sout
               ;    println(-(-(+(-(14))))); 
C6 *198  F700            pwc       14
C7 *199  000E
C8 *200  FF30            neg 
C9 *201  FF30            neg 
CA *202  FF30            neg 
CB *203  FFFD            dout
CC *204  100A            pc        '\n'
CD *205  FFFB            aout
               ;    // no comment in following statement because // inside stri
               ;    println("////Enter integer////");   
CE *206  11E9            pc        @L11
CF *207  FFF7            sout
D0 *208  100A            pc        '\n'
D1 *209  FFFB            aout
               ;    readint(q);
D2 *210  117B            pc        q
D3 *211  FFFC            din 
D4 *212  F300            stav
               ;    print("= ");
D5 *213  11FF            pc        @L12
D6 *214  FFF7            sout
               ;    println(q + + + + 1 - 1); 
D7 *215  017B            p         q
D8 *216  F700            pwc       1
D9 *217  0001
DA *218  F100            add 
DB *219  F700            pwc       1
DC *220  0001
DD *221  F200            sub 
DE *222  FFFD            dout
DF *223  100A            pc        '\n'
E0 *224  FFFB            aout
               ;    println("S3 test done"); 
E1 *225  1202            pc        @L13
E2 *226  FFF7            sout
E3 *227  100A            pc        '\n'
E4 *228  FFFB            aout
               ; //==========================================================
               ; // Add support for while, do-while, if, if-else, and escape 
               ; // sequences within a string.
               ;    x = 1;
E5 *229  1178            pc        x
E6 *230  F700            pwc       1
E7 *231  0001
               ;    println("2 1 on separate lines");
E8 *232  F300            stav
E9 *233  120F            pc        @L14
EA *234  FFF7            sout
EB *235  100A            pc        '\n'
EC *236  FFFB            aout
               ;    while(x)               // nested while loops
               @L15:
ED *237  0178            p         x
               ;    {
EE *238  A107            jz        @L16
               ;       y = 2;
EF *239  1179            pc        y
F0 *240  F700            pwc       2
F1 *241  0002
               ;       while (y)
F2 *242  F300            stav
               @L17:
F3 *243  0179            p         y
               ;       {
F4 *244  A100            jz        @L18
               ;          println(y);
F5 *245  0179            p         y
F6 *246  FFFD            dout
F7 *247  100A            pc        '\n'
F8 *248  FFFB            aout
               ;          y = y -  1;      
F9 *249  1179            pc        y
FA *250  0179            p         y
FB *251  F700            pwc       1
FC *252  0001
FD *253  F200            sub 
               ;       }
FE *254  F300            stav
               ;       x = x - 1;
FF *255  60F3            ja        @L17
               @L18:
100*256  1178            pc        x
101*257  0178            p         x
102*258  F700            pwc       1
103*259  0001
104*260  F200            sub 
               ;    }
105*261  F300            stav
               ;    zero = 0;
106*262  60ED            ja        @L15
               @L16:
107*263  117C            pc        zero
108*264  F700            pwc       0
109*265  0000
               ;    while (zero)
10A*266  F300            stav
               @L19:
10B*267  017C            p         zero
               ;       println("bug");
10C*268  A112            jz        @L20
10D*269  1225            pc        @L21
10E*270  FFF7            sout
10F*271  100A            pc        '\n'
110*272  FFFB            aout
               ;    x = 0 - 3;
111*273  610B            ja        @L19
               @L20:
112*274  1178            pc        x
113*275  F700            pwc       0
114*276  0000
115*277  F700            pwc       3
116*278  0003
117*279  F200            sub 
               ;    print("hello -3 up to hello -1\n");
118*280  F300            stav
119*281  1229            pc        @L22
11A*282  FFF7            sout
               ;    while (x)              // if inside while
               @L23:
11B*283  0178            p         x
               ;    {
11C*284  A131            jz        @L24
               ;       if (x) print("hello ");
11D*285  0178            p         x
11E*286  A122            jz        @L25
11F*287  1242            pc        @L26
120*288  FFF7            sout
               ;       else println("bug1");
121*289  6126            ja        @L27
               @L25:
122*290  1249            pc        @L28
123*291  FFF7            sout
124*292  100A            pc        '\n'
125*293  FFFB            aout
               ;       println(x);
               @L27:
126*294  0178            p         x
127*295  FFFD            dout
128*296  100A            pc        '\n'
129*297  FFFB            aout
               ;       x = x + 1;
12A*298  1178            pc        x
12B*299  0178            p         x
12C*300  F700            pwc       1
12D*301  0001
12E*302  F100            add 
               ;    }
12F*303  F300            stav
               ;    x = 2;
130*304  611B            ja        @L23
               @L24:
131*305  1178            pc        x
132*306  F700            pwc       2
133*307  0002
               ;    print("bye 2 down to bye 1\n");
134*308  F300            stav
135*309  124E            pc        @L29
136*310  FFF7            sout
               ;    do                     // do-while loop
               ;    {
               @L30:
               ;       print("bye ");
137*311  1263            pc        @L31
138*312  FFF7            sout
               ;       println(x);
139*313  0178            p         x
13A*314  FFFD            dout
13B*315  100A            pc        '\n'
13C*316  FFFB            aout
               ;       x = x - 1;
13D*317  1178            pc        x
13E*318  0178            p         x
13F*319  F700            pwc       1
140*320  0001
141*321  F200            sub 
               ;    } while (x);
142*322  F300            stav
143*323  0178            p         x
               ;    x = 1;
144*324  B137            jnz       @L30
145*325  1178            pc        x
146*326  F700            pwc       1
147*327  0001
               ;    println("Next line should \
148*328  F300            stav
               ; say \"hello\" with the quotes");
149*329  1268            pc        @L32
14A*330  FFF7            sout
14B*331  100A            pc        '\n'
14C*332  FFFB            aout
               ;    if (x)                 // nested if
14D*333  0178            p         x
               ;    if (x)
14E*334  A15E            jz        @L33
14F*335  0178            p         x
               ;    if (x) 
150*336  A15E            jz        @L34
151*337  0178            p         x
               ;    {
152*338  A15A            jz        @L35
               ;       print("\"hel");
153*339  1295            pc        @L36
154*340  FFF7            sout
               ;       println("lo\"");
155*341  129A            pc        @L37
156*342  FFF7            sout
157*343  100A            pc        '\n'
158*344  FFFB            aout
               ;    }
               ;    else 
               ;    {
159*345  615E            ja        @L38
               @L35:
               ;       println("bug3");
15A*346  129E            pc        @L39
15B*347  FFF7            sout
15C*348  100A            pc        '\n'
15D*349  FFFB            aout
               ;    }
               ;    print("good = ");
               @L38:
               @L34:
               @L33:
15E*350  12A3            pc        @L40
15F*351  FFF7            sout
               ;    if (zero)             // execute else part 
160*352  017C            p         zero
               ;    {
161*353  A167            jz        @L41
               ;       println("bug4");
162*354  12AB            pc        @L42
163*355  FFF7            sout
164*356  100A            pc        '\n'
165*357  FFFB            aout
               ;    }
               ;    else 
               ;       println("good");
166*358  616B            ja        @L43
               @L41:
167*359  12B0            pc        @L44
168*360  FFF7            sout
169*361  100A            pc        '\n'
16A*362  FFFB            aout
               ;    println("Next line should say \"bye\" without the quotes\nb
               @L43:
16B*363  12B5            pc        @L45
16C*364  FFF7            sout
16D*365  100A            pc        '\n'
16E*366  FFFB            aout
               ;    println("\"3 backslashes and a double quote \\\\\\\" within
16F*367  12E7            pc        @L46
170*368  FFF7            sout
171*369  100A            pc        '\n'
172*370  FFFB            aout
               ;    println("S4 test done");
173*371  131F            pc        @L47
174*372  FFF7            sout
175*373  100A            pc        '\n'
176*374  FFFB            aout
               
177*375  FFFF            halt
178*376  0000  x:        dw        0
179*377  0000  y:        dw        0
17A*378  0000  z:        dw        0
17B*379  0000  q:        dw        0
17C*380  0000  zero:     dw        0
               ;====================== ^-lines follow ======
17D*381  0053  @L0:      dw        "S1 test done"
17E*382  0031
17F*383  0020
180*384  0074
181*385  0065
182*386  0073
183*387  0074
184*388  0020
185*389  0064
186*390  006F
187*391  006E
188*392  0065
189*393  0000
18A*394  0053  @L1:      dw        "S2 test done"
18B*395  0032
18C*396  0020
18D*397  0074
18E*398  0065
18F*399  0073
190*400  0074
191*401  0020
192*402  0064
193*403  006F
194*404  006E
195*405  0065
196*406  0000
197*407  0066  @L2:      dw        "four lines follow"
198*408  006F
199*409  0075
19A*410  0072
19B*411  0020
19C*412  006C
19D*413  0069
19E*414  006E
19F*415  0065
1A0*416  0073
1A1*417  0020
1A2*418  0066
1A3*419  006F
1A4*420  006C
1A5*421  006C
1A6*422  006F
1A7*423  0077
1A8*424  0000
1A9*425  006F  @L3:      dw        "one line"
1AA*426  006E
1AB*427  0065
1AC*428  0020
1AD*429  006C
1AE*430  0069
1AF*431  006E
1B0*432  0065
1B1*433  0000
1B2*434  006F  @L4:      dw        "one line"
1B3*435  006E
1B4*436  0065
1B5*437  0020
1B6*438  006C
1B7*439  0069
1B8*440  006E
1B9*441  0065
1BA*442  0000
1BB*443  0074  @L5:      dw        "third line\nfourth line"
1BC*444  0068
1BD*445  0069
1BE*446  0072
1BF*447  0064
1C0*448  0020
1C1*449  006C
1C2*450  0069
1C3*451  006E
1C4*452  0065
1C5*453  000A
1C6*454  0066
1C7*455  006F
1C8*456  0075
1C9*457  0072
1CA*458  0074
1CB*459  0068
1CC*460  0020
1CD*461  006C
1CE*462  0069
1CF*463  006E
1D0*464  0065
1D1*465  0000
1D2*466  0020  @L6:      dw        " = "
1D3*467  003D
1D4*468  0020
1D5*469  0000
1D6*470  0020  @L7:      dw        " = "
1D7*471  003D
1D8*472  0020
1D9*473  0000
1DA*474  0020  @L8:      dw        " = "
1DB*475  003D
1DC*476  0020
1DD*477  0000
1DE*478  002D  @L9:      dw        "-14 = "
1DF*479  0031
1E0*480  0034
1E1*481  0020
1E2*482  003D
1E3*483  0020
1E4*484  0000
1E5*485  0020  @L10:     dw        " = "
1E6*486  003D
1E7*487  0020
1E8*488  0000
1E9*489  002F  @L11:     dw        "////Enter integer////"
1EA*490  002F
1EB*491  002F
1EC*492  002F
1ED*493  0045
1EE*494  006E
1EF*495  0074
1F0*496  0065
1F1*497  0072
1F2*498  0020
1F3*499  0069
1F4*500  006E
1F5*501  0074
1F6*502  0065
1F7*503  0067
1F8*504  0065
1F9*505  0072
1FA*506  002F
1FB*507  002F
1FC*508  002F
1FD*509  002F
1FE*510  0000
1FF*511  003D  @L12:     dw        "= "
200*512  0020
201*513  0000
202*514  0053  @L13:     dw        "S3 test done"
203*515  0033
204*516  0020
205*517  0074
206*518  0065
207*519  0073
208*520  0074
209*521  0020
20A*522  0064
20B*523  006F
20C*524  006E
20D*525  0065
20E*526  0000
20F*527  0032  @L14:     dw        "2 1 on separate lines"
210*528  0020
211*529  0031
212*530  0020
213*531  006F
214*532  006E
215*533  0020
216*534  0073
217*535  0065
218*536  0070
219*537  0061
21A*538  0072
21B*539  0061
21C*540  0074
21D*541  0065
21E*542  0020
21F*543  006C
220*544  0069
221*545  006E
222*546  0065
223*547  0073
224*548  0000
225*549  0062  @L21:     dw        "bug"
226*550  0075
227*551  0067
228*552  0000
229*553  0068  @L22:     dw        "hello -3 up to hello -1\n"
22A*554  0065
22B*555  006C
22C*556  006C
22D*557  006F
22E*558  0020
22F*559  002D
230*560  0033
231*561  0020
232*562  0075
233*563  0070
234*564  0020
235*565  0074
236*566  006F
237*567  0020
238*568  0068
239*569  0065
23A*570  006C
23B*571  006C
23C*572  006F
23D*573  0020
23E*574  002D
23F*575  0031
240*576  000A
241*577  0000
242*578  0068  @L26:     dw        "hello "
243*579  0065
244*580  006C
245*581  006C
246*582  006F
247*583  0020
248*584  0000
249*585  0062  @L28:     dw        "bug1"
24A*586  0075
24B*587  0067
24C*588  0031
24D*589  0000
24E*590  0062  @L29:     dw        "bye 2 down to bye 1\n"
24F*591  0079
250*592  0065
251*593  0020
252*594  0032
253*595  0020
254*596  0064
255*597  006F
256*598  0077
257*599  006E
258*600  0020
259*601  0074
25A*602  006F
25B*603  0020
25C*604  0062
25D*605  0079
25E*606  0065
25F*607  0020
260*608  0031
261*609  000A
262*610  0000
263*611  0062  @L31:     dw        "bye "
264*612  0079
265*613  0065
266*614  0020
267*615  0000
268*616  004E  @L32:     dw        "Next line should say \"hello\" with the quo
269*617  0065
26A*618  0078
26B*619  0074
26C*620  0020
26D*621  006C
26E*622  0069
26F*623  006E
270*624  0065
271*625  0020
272*626  0073
273*627  0068
274*628  006F
275*629  0075
276*630  006C
277*631  0064
278*632  0020
279*633  0073
27A*634  0061
27B*635  0079
27C*636  0020
27D*637  0022
27E*638  0068
27F*639  0065
280*640  006C
281*641  006C
282*642  006F
283*643  0022
284*644  0020
285*645  0077
286*646  0069
287*647  0074
288*648  0068
289*649  0020
28A*650  0074
28B*651  0068
28C*652  0065
28D*653  0020
28E*654  0071
28F*655  0075
290*656  006F
291*657  0074
292*658  0065
293*659  0073
294*660  0000
295*661  0022  @L36:     dw        "\"hel"
296*662  0068
297*663  0065
298*664  006C
299*665  0000
29A*666  006C  @L37:     dw        "lo\""
29B*667  006F
29C*668  0022
29D*669  0000
29E*670  0062  @L39:     dw        "bug3"
29F*671  0075
2A0*672  0067
2A1*673  0033
2A2*674  0000
2A3*675  0067  @L40:     dw        "good = "
2A4*676  006F
2A5*677  006F
2A6*678  0064
2A7*679  0020
2A8*680  003D
2A9*681  0020
2AA*682  0000
2AB*683  0062  @L42:     dw        "bug4"
2AC*684  0075
2AD*685  0067
2AE*686  0034
2AF*687  0000
2B0*688  0067  @L44:     dw        "good"
2B1*689  006F
2B2*690  006F
2B3*691  0064
2B4*692  0000
2B5*693  004E  @L45:     dw        "Next line should say \"bye\" without the qu
2B6*694  0065
2B7*695  0078
2B8*696  0074
2B9*697  0020
2BA*698  006C
2BB*699  0069
2BC*700  006E
2BD*701  0065
2BE*702  0020
2BF*703  0073
2C0*704  0068
2C1*705  006F
2C2*706  0075
2C3*707  006C
2C4*708  0064
2C5*709  0020
2C6*710  0073
2C7*711  0061
2C8*712  0079
2C9*713  0020
2CA*714  0022
2CB*715  0062
2CC*716  0079
2CD*717  0065
2CE*718  0022
2CF*719  0020
2D0*720  0077
2D1*721  0069
2D2*722  0074
2D3*723  0068
2D4*724  006F
2D5*725  0075
2D6*726  0074
2D7*727  0020
2D8*728  0074
2D9*729  0068
2DA*730  0065
2DB*731  0020
2DC*732  0071
2DD*733  0075
2DE*734  006F
2DF*735  0074
2E0*736  0065
2E1*737  0073
2E2*738  000A
2E3*739  0062
2E4*740  0079
2E5*741  0065
2E6*742  0000
2E7*743  0022  @L46:     dw        "\"3 backslashes and a double quote \\\\\\\"
2E8*744  0033
2E9*745  0020
2EA*746  0062
2EB*747  0061
2EC*748  0063
2ED*749  006B
2EE*750  0073
2EF*751  006C
2F0*752  0061
2F1*753  0073
2F2*754  0068
2F3*755  0065
2F4*756  0073
2F5*757  0020
2F6*758  0061
2F7*759  006E
2F8*760  0064
2F9*761  0020
2FA*762  0061
2FB*763  0020
2FC*764  0064
2FD*765  006F
2FE*766  0075
2FF*767  0062
300*768  006C
301*769  0065
302*770  0020
303*771  0071
304*772  0075
305*773  006F
306*774  0074
307*775  0065
308*776  0020
309*777  005C
30A*778  005C
30B*779  005C
30C*780  0022
30D*781  0020
30E*782  0077
30F*783  0069
310*784  0074
311*785  0068
312*786  0069
313*787  006E
314*788  0020
315*789  0061
316*790  0020
317*791  0073
318*792  0074
319*793  0072
31A*794  0069
31B*795  006E
31C*796  0067
31D*797  0022
31E*798  0000
31F*799  0053  @L47:     dw        "S4 test done"
320*800  0034
321*801  0020
322*802  0074
323*803  0065
324*804  0073
325*805  0074
326*806  0020
327*807  0064
328*808  006F
329*809  006E
32A*810  0065
32B*811  0000
32C*812  ========= end of S4.a =============================

asm in  = S4.a
asm out = S4.e
asm lst = S4.lst 
